{"/Users/yangliu/Documents/GitHub/blog-app/src/app.ts": {"path":"/Users/yangliu/Documents/GitHub/blog-app/src/app.ts","statementMap":{"0":{"start":{"line":1,"column":0},"end":{"line":1,"column":30}},"1":{"start":{"line":2,"column":0},"end":{"line":2,"column":24}},"2":{"start":{"line":3,"column":0},"end":{"line":3,"column":32}},"3":{"start":{"line":4,"column":0},"end":{"line":4,"column":57}},"4":{"start":{"line":5,"column":0},"end":{"line":5,"column":55}},"5":{"start":{"line":6,"column":0},"end":{"line":6,"column":36}},"6":{"start":{"line":7,"column":0},"end":{"line":7,"column":36}},"7":{"start":{"line":8,"column":0},"end":{"line":8,"column":44}},"8":{"start":{"line":9,"column":0},"end":{"line":9,"column":57}},"9":{"start":{"line":10,"column":0},"end":{"line":10,"column":57}},"10":{"start":{"line":12,"column":0},"end":{"line":12,"column":40}},"11":{"start":{"line":13,"column":0},"end":{"line":13,"column":41}},"12":{"start":{"line":14,"column":0},"end":{"line":14,"column":37}},"13":{"start":{"line":16,"column":0},"end":{"line":27,"column":79}},"14":{"start":{"line":22,"column":4},"end":{"line":25,"column":4}},"15":{"start":{"line":27,"column":20},"end":{"line":27,"column":77}},"16":{"start":{"line":29,"column":12},"end":{"line":29,"column":21}},"17":{"start":{"line":31,"column":0},"end":{"line":31,"column":16}},"18":{"start":{"line":32,"column":0},"end":{"line":32,"column":34}},"19":{"start":{"line":33,"column":0},"end":{"line":33,"column":24}},"20":{"start":{"line":34,"column":0},"end":{"line":34,"column":35}},"21":{"start":{"line":35,"column":0},"end":{"line":35,"column":35}},"22":{"start":{"line":36,"column":0},"end":{"line":36,"column":35}},"23":{"start":{"line":37,"column":0},"end":{"line":37,"column":34}},"24":{"start":{"line":38,"column":0},"end":{"line":38,"column":28}},"25":{"start":{"line":39,"column":0},"end":{"line":39,"column":41}},"26":{"start":{"line":40,"column":0},"end":{"line":40,"column":33}},"27":{"start":{"line":42,"column":0},"end":{"line":42,"column":19}}},"fnMap":{"0":{"name":"(anonymous_1)","decl":{"start":{"line":21,"column":8},"end":{"line":21,"column":9}},"loc":{"start":{"line":22,"column":4},"end":{"line":25,"column":4}}},"1":{"name":"(anonymous_2)","decl":{"start":{"line":27,"column":9},"end":{"line":27,"column":10}},"loc":{"start":{"line":27,"column":20},"end":{"line":27,"column":77}}}},"branchMap":{},"s":{"0":3,"1":3,"2":3,"3":3,"4":3,"5":3,"6":3,"7":3,"8":3,"9":3,"10":3,"11":3,"12":3,"13":3,"14":3,"15":0,"16":3,"17":3,"18":3,"19":3,"20":3,"21":3,"22":3,"23":3,"24":3,"25":3,"26":3,"27":3},"f":{"0":3,"1":0},"b":{}}
,"/Users/yangliu/Documents/GitHub/blog-app/src/controllers/blogs.controller.ts": {"path":"/Users/yangliu/Documents/GitHub/blog-app/src/controllers/blogs.controller.ts","statementMap":{"0":{"start":{"line":1,"column":0},"end":{"line":1,"column":30}},"1":{"start":{"line":2,"column":0},"end":{"line":2,"column":40}},"2":{"start":{"line":3,"column":0},"end":{"line":3,"column":35}},"3":{"start":{"line":4,"column":0},"end":{"line":4,"column":51}},"4":{"start":{"line":9,"column":20},"end":{"line":9,"column":36}},"5":{"start":{"line":11,"column":0},"end":{"line":18,"column":3}},"6":{"start":{"line":11,"column":46},"end":{"line":18,"column":2}},"7":{"start":{"line":12,"column":2},"end":{"line":17,"column":null}},"8":{"start":{"line":13,"column":18},"end":{"line":13,"column":54}},"9":{"start":{"line":14,"column":4},"end":{"line":14,"column":20}},"10":{"start":{"line":16,"column":4},"end":{"line":16,"column":12}},"11":{"start":{"line":20,"column":0},"end":{"line":45,"column":3}},"12":{"start":{"line":20,"column":47},"end":{"line":45,"column":2}},"13":{"start":{"line":21,"column":2},"end":{"line":44,"column":null}},"14":{"start":{"line":22,"column":17},"end":{"line":22,"column":25}},"15":{"start":{"line":23,"column":4},"end":{"line":23,"column":72}},"16":{"start":{"line":23,"column":25},"end":{"line":23,"column":72}},"17":{"start":{"line":25,"column":18},"end":{"line":25,"column":46}},"18":{"start":{"line":26,"column":4},"end":{"line":29,"column":8}},"19":{"start":{"line":27,"column":6},"end":{"line":29,"column":8}},"20":{"start":{"line":31,"column":4},"end":{"line":31,"column":33}},"21":{"start":{"line":33,"column":17},"end":{"line":33,"column":54}},"22":{"start":{"line":34,"column":22},"end":{"line":34,"column":39}},"23":{"start":{"line":36,"column":4},"end":{"line":39,"column":null}},"24":{"start":{"line":37,"column":6},"end":{"line":37,"column":37}},"25":{"start":{"line":38,"column":6},"end":{"line":38,"column":24}},"26":{"start":{"line":41,"column":4},"end":{"line":41,"column":36}},"27":{"start":{"line":43,"column":4},"end":{"line":43,"column":12}},"28":{"start":{"line":47,"column":0},"end":{"line":61,"column":3}},"29":{"start":{"line":47,"column":52},"end":{"line":61,"column":2}},"30":{"start":{"line":48,"column":2},"end":{"line":60,"column":null}},"31":{"start":{"line":49,"column":20},"end":{"line":49,"column":63}},"32":{"start":{"line":51,"column":18},"end":{"line":51,"column":51}},"33":{"start":{"line":52,"column":4},"end":{"line":54,"column":6}},"34":{"start":{"line":53,"column":13},"end":{"line":53,"column":52}},"35":{"start":{"line":55,"column":4},"end":{"line":55,"column":22}},"36":{"start":{"line":57,"column":4},"end":{"line":57,"column":22}},"37":{"start":{"line":59,"column":4},"end":{"line":59,"column":12}},"38":{"start":{"line":63,"column":0},"end":{"line":85,"column":3}},"39":{"start":{"line":63,"column":49},"end":{"line":85,"column":2}},"40":{"start":{"line":64,"column":16},"end":{"line":64,"column":30}},"41":{"start":{"line":65,"column":2},"end":{"line":84,"column":null}},"42":{"start":{"line":66,"column":4},"end":{"line":67,"column":59}},"43":{"start":{"line":67,"column":6},"end":{"line":67,"column":59}},"44":{"start":{"line":69,"column":15},"end":{"line":69,"column":28}},"45":{"start":{"line":70,"column":18},"end":{"line":70,"column":41}},"46":{"start":{"line":71,"column":4},"end":{"line":78,"column":38}},"47":{"start":{"line":72,"column":6},"end":{"line":72,"column":66}},"48":{"start":{"line":73,"column":9},"end":{"line":78,"column":38}},"49":{"start":{"line":74,"column":6},"end":{"line":77,"column":9}},"50":{"start":{"line":78,"column":9},"end":{"line":78,"column":38}},"51":{"start":{"line":80,"column":18},"end":{"line":80,"column":41}},"52":{"start":{"line":81,"column":4},"end":{"line":81,"column":20}},"53":{"start":{"line":83,"column":4},"end":{"line":83,"column":12}},"54":{"start":{"line":87,"column":0},"end":{"line":87,"column":27}},"55":{"start":{"line":90,"column":24},"end":{"line":90,"column":52}},"56":{"start":{"line":91,"column":2},"end":{"line":92,"column":38}},"57":{"start":{"line":92,"column":4},"end":{"line":92,"column":38}},"58":{"start":{"line":93,"column":2},"end":{"line":93,"column":14}}},"fnMap":{"0":{"name":"(anonymous_8)","decl":{"start":{"line":11,"column":21},"end":{"line":11,"column":28}},"loc":{"start":{"line":11,"column":46},"end":{"line":18,"column":2}}},"1":{"name":"(anonymous_9)","decl":{"start":{"line":11,"column":46},"end":{"line":11,"column":null}},"loc":{"start":{"line":11,"column":46},"end":{"line":18,"column":1}}},"2":{"name":"(anonymous_10)","decl":{"start":{"line":20,"column":22},"end":{"line":20,"column":29}},"loc":{"start":{"line":20,"column":47},"end":{"line":45,"column":2}}},"3":{"name":"(anonymous_11)","decl":{"start":{"line":20,"column":47},"end":{"line":20,"column":null}},"loc":{"start":{"line":20,"column":47},"end":{"line":45,"column":1}}},"4":{"name":"(anonymous_12)","decl":{"start":{"line":47,"column":27},"end":{"line":47,"column":34}},"loc":{"start":{"line":47,"column":52},"end":{"line":61,"column":2}}},"5":{"name":"(anonymous_13)","decl":{"start":{"line":47,"column":52},"end":{"line":47,"column":null}},"loc":{"start":{"line":47,"column":52},"end":{"line":61,"column":1}}},"6":{"name":"(anonymous_14)","decl":{"start":{"line":53,"column":6},"end":{"line":53,"column":7}},"loc":{"start":{"line":53,"column":13},"end":{"line":53,"column":52}}},"7":{"name":"(anonymous_15)","decl":{"start":{"line":63,"column":24},"end":{"line":63,"column":31}},"loc":{"start":{"line":63,"column":49},"end":{"line":85,"column":2}}},"8":{"name":"(anonymous_16)","decl":{"start":{"line":63,"column":49},"end":{"line":63,"column":null}},"loc":{"start":{"line":63,"column":49},"end":{"line":85,"column":1}}},"9":{"name":"getTokenFrom","decl":{"start":{"line":89,"column":9},"end":{"line":89,"column":21}},"loc":{"start":{"line":89,"column":46},"end":{"line":94,"column":1}}}},"branchMap":{"0":{"loc":{"start":{"line":23,"column":4},"end":{"line":23,"column":72}},"type":"if","locations":[{"start":{"line":23,"column":4},"end":{"line":23,"column":72}},{"start":{"line":23,"column":4},"end":{"line":23,"column":72}}]},"1":{"loc":{"start":{"line":26,"column":4},"end":{"line":29,"column":8}},"type":"if","locations":[{"start":{"line":26,"column":4},"end":{"line":29,"column":8}},{"start":{"line":26,"column":4},"end":{"line":29,"column":8}}]},"2":{"loc":{"start":{"line":31,"column":27},"end":{"line":31,"column":31}},"type":"cond-expr","locations":[{"start":{"line":31,"column":27},"end":{"line":31,"column":31}},{"start":{"line":31,"column":31},"end":{"line":31,"column":32}}]},"3":{"loc":{"start":{"line":31,"column":14},"end":{"line":31,"column":31}},"type":"binary-expr","locations":[{"start":{"line":31,"column":14},"end":{"line":31,"column":31}},{"start":{"line":31,"column":27},"end":{"line":31,"column":31}}]},"4":{"loc":{"start":{"line":36,"column":4},"end":{"line":39,"column":null}},"type":"if","locations":[{"start":{"line":36,"column":4},"end":{"line":39,"column":null}},{"start":{"line":36,"column":4},"end":{"line":39,"column":null}}]},"5":{"loc":{"start":{"line":66,"column":4},"end":{"line":67,"column":59}},"type":"if","locations":[{"start":{"line":66,"column":4},"end":{"line":67,"column":59}},{"start":{"line":66,"column":4},"end":{"line":67,"column":59}}]},"6":{"loc":{"start":{"line":66,"column":8},"end":{"line":66,"column":33}},"type":"binary-expr","locations":[{"start":{"line":66,"column":8},"end":{"line":66,"column":33}},{"start":{"line":66,"column":37},"end":{"line":66,"column":66}}]},"7":{"loc":{"start":{"line":71,"column":4},"end":{"line":78,"column":38}},"type":"if","locations":[{"start":{"line":71,"column":4},"end":{"line":78,"column":38}},{"start":{"line":71,"column":4},"end":{"line":78,"column":38}}]},"8":{"loc":{"start":{"line":71,"column":16},"end":{"line":71,"column":18}},"type":"cond-expr","locations":[{"start":{"line":71,"column":16},"end":{"line":71,"column":18}},{"start":{"line":71,"column":16},"end":{"line":71,"column":23}}]},"9":{"loc":{"start":{"line":71,"column":8},"end":{"line":71,"column":18}},"type":"binary-expr","locations":[{"start":{"line":71,"column":8},"end":{"line":71,"column":18}},{"start":{"line":71,"column":16},"end":{"line":71,"column":18}}]},"10":{"loc":{"start":{"line":73,"column":9},"end":{"line":78,"column":38}},"type":"if","locations":[{"start":{"line":73,"column":9},"end":{"line":78,"column":38}},{"start":{"line":73,"column":9},"end":{"line":78,"column":38}}]},"11":{"loc":{"start":{"line":73,"column":21},"end":{"line":73,"column":23}},"type":"cond-expr","locations":[{"start":{"line":73,"column":21},"end":{"line":73,"column":23}},{"start":{"line":73,"column":21},"end":{"line":73,"column":28}}]},"12":{"loc":{"start":{"line":73,"column":13},"end":{"line":73,"column":23}},"type":"binary-expr","locations":[{"start":{"line":73,"column":13},"end":{"line":73,"column":23}},{"start":{"line":73,"column":21},"end":{"line":73,"column":23}}]},"13":{"loc":{"start":{"line":91,"column":2},"end":{"line":92,"column":38}},"type":"if","locations":[{"start":{"line":91,"column":2},"end":{"line":92,"column":38}},{"start":{"line":91,"column":2},"end":{"line":92,"column":38}}]},"14":{"loc":{"start":{"line":91,"column":19},"end":{"line":91,"column":21}},"type":"cond-expr","locations":[{"start":{"line":91,"column":19},"end":{"line":91,"column":21}},{"start":{"line":91,"column":6},"end":{"line":91,"column":null}}]},"15":{"loc":{"start":{"line":91,"column":6},"end":{"line":91,"column":21}},"type":"binary-expr","locations":[{"start":{"line":91,"column":6},"end":{"line":91,"column":21}},{"start":{"line":91,"column":6},"end":{"line":91,"column":21}}]}},"s":{"0":3,"1":3,"2":3,"3":3,"4":3,"5":3,"6":6,"7":6,"8":6,"9":6,"10":0,"11":3,"12":4,"13":4,"14":4,"15":4,"16":0,"17":4,"18":4,"19":0,"20":4,"21":4,"22":4,"23":3,"24":3,"25":3,"26":3,"27":1,"28":3,"29":4,"30":4,"31":4,"32":3,"33":3,"34":9,"35":3,"36":3,"37":1,"38":3,"39":1,"40":1,"41":1,"42":1,"43":0,"44":1,"45":1,"46":1,"47":1,"48":0,"49":0,"50":0,"51":1,"52":1,"53":0,"54":3,"55":0,"56":0,"57":0,"58":0},"f":{"0":6,"1":6,"2":4,"3":4,"4":4,"5":4,"6":9,"7":1,"8":1,"9":0},"b":{"0":[0,4],"1":[0,4],"2":[2,2],"3":[4,4],"4":[3,0],"5":[0,1],"6":[1,1],"7":[1,0],"8":[0,1],"9":[1,1],"10":[0,0],"11":[0,0],"12":[0,0],"13":[0,0],"14":[0,0],"15":[0,0]}}
,"/Users/yangliu/Documents/GitHub/blog-app/src/controllers/login.controller.ts": {"path":"/Users/yangliu/Documents/GitHub/blog-app/src/controllers/login.controller.ts","statementMap":{"0":{"start":{"line":1,"column":0},"end":{"line":1,"column":31}},"1":{"start":{"line":2,"column":0},"end":{"line":2,"column":28}},"2":{"start":{"line":3,"column":0},"end":{"line":3,"column":40}},"3":{"start":{"line":4,"column":0},"end":{"line":4,"column":51}},"4":{"start":{"line":5,"column":0},"end":{"line":5,"column":37}},"5":{"start":{"line":6,"column":0},"end":{"line":6,"column":35}},"6":{"start":{"line":8,"column":20},"end":{"line":8,"column":36}},"7":{"start":{"line":10,"column":0},"end":{"line":35,"column":3}},"8":{"start":{"line":10,"column":52},"end":{"line":35,"column":2}},"9":{"start":{"line":11,"column":2},"end":{"line":34,"column":null}},"10":{"start":{"line":12,"column":17},"end":{"line":12,"column":25}},"11":{"start":{"line":14,"column":18},"end":{"line":14,"column":65}},"12":{"start":{"line":16,"column":6},"end":{"line":18,"column":64}},"13":{"start":{"line":20,"column":4},"end":{"line":21,"column":70}},"14":{"start":{"line":21,"column":6},"end":{"line":21,"column":70}},"15":{"start":{"line":23,"column":40},"end":{"line":26,"column":6}},"16":{"start":{"line":28,"column":18},"end":{"line":28,"column":60}},"17":{"start":{"line":30,"column":4},"end":{"line":30,"column":48}},"18":{"start":{"line":31,"column":4},"end":{"line":31,"column":80}},"19":{"start":{"line":33,"column":4},"end":{"line":33,"column":12}},"20":{"start":{"line":37,"column":0},"end":{"line":40,"column":3}},"21":{"start":{"line":38,"column":2},"end":{"line":39,"column":56}},"22":{"start":{"line":38,"column":26},"end":{"line":38,"column":48}},"23":{"start":{"line":39,"column":7},"end":{"line":39,"column":56}},"24":{"start":{"line":42,"column":0},"end":{"line":42,"column":27}}},"fnMap":{"0":{"name":"(anonymous_8)","decl":{"start":{"line":10,"column":27},"end":{"line":10,"column":34}},"loc":{"start":{"line":10,"column":52},"end":{"line":35,"column":2}}},"1":{"name":"(anonymous_9)","decl":{"start":{"line":10,"column":52},"end":{"line":10,"column":null}},"loc":{"start":{"line":10,"column":52},"end":{"line":35,"column":1}}},"2":{"name":"(anonymous_10)","decl":{"start":{"line":37,"column":29},"end":{"line":37,"column":30}},"loc":{"start":{"line":37,"column":48},"end":{"line":40,"column":1}}}},"branchMap":{"0":{"loc":{"start":{"line":17,"column":10},"end":{"line":17,"column":15}},"type":"cond-expr","locations":[{"start":{"line":17,"column":10},"end":{"line":17,"column":15}},{"start":{"line":18,"column":10},"end":{"line":18,"column":64}}]},"1":{"loc":{"start":{"line":20,"column":4},"end":{"line":21,"column":70}},"type":"if","locations":[{"start":{"line":20,"column":4},"end":{"line":21,"column":70}},{"start":{"line":20,"column":4},"end":{"line":21,"column":70}}]},"2":{"loc":{"start":{"line":20,"column":10},"end":{"line":20,"column":14}},"type":"binary-expr","locations":[{"start":{"line":20,"column":10},"end":{"line":20,"column":14}},{"start":{"line":20,"column":18},"end":{"line":20,"column":36}}]},"3":{"loc":{"start":{"line":38,"column":2},"end":{"line":39,"column":56}},"type":"if","locations":[{"start":{"line":38,"column":2},"end":{"line":39,"column":56}},{"start":{"line":38,"column":2},"end":{"line":39,"column":56}}]}},"s":{"0":3,"1":3,"2":3,"3":3,"4":3,"5":3,"6":3,"7":3,"8":2,"9":2,"10":2,"11":2,"12":2,"13":2,"14":0,"15":2,"16":2,"17":2,"18":2,"19":0,"20":3,"21":0,"22":0,"23":0,"24":3},"f":{"0":2,"1":2,"2":0},"b":{"0":[0,2],"1":[0,2],"2":[2,2],"3":[0,0]}}
,"/Users/yangliu/Documents/GitHub/blog-app/src/controllers/root.controller.ts": {"path":"/Users/yangliu/Documents/GitHub/blog-app/src/controllers/root.controller.ts","statementMap":{"0":{"start":{"line":1,"column":0},"end":{"line":1,"column":30}},"1":{"start":{"line":3,"column":19},"end":{"line":3,"column":35}},"2":{"start":{"line":5,"column":0},"end":{"line":11,"column":3}},"3":{"start":{"line":6,"column":2},"end":{"line":10,"column":5}},"4":{"start":{"line":13,"column":0},"end":{"line":13,"column":26}}},"fnMap":{"0":{"name":"(anonymous_1)","decl":{"start":{"line":5,"column":20},"end":{"line":5,"column":21}},"loc":{"start":{"line":5,"column":33},"end":{"line":11,"column":1}}}},"branchMap":{},"s":{"0":3,"1":3,"2":3,"3":0,"4":3},"f":{"0":0},"b":{}}
,"/Users/yangliu/Documents/GitHub/blog-app/src/controllers/users.controller.ts": {"path":"/Users/yangliu/Documents/GitHub/blog-app/src/controllers/users.controller.ts","statementMap":{"0":{"start":{"line":1,"column":0},"end":{"line":1,"column":51}},"1":{"start":{"line":2,"column":0},"end":{"line":2,"column":28}},"2":{"start":{"line":3,"column":0},"end":{"line":3,"column":33}},"3":{"start":{"line":4,"column":0},"end":{"line":4,"column":37}},"4":{"start":{"line":6,"column":0},"end":{"line":6,"column":31}},"5":{"start":{"line":8,"column":20},"end":{"line":8,"column":28}},"6":{"start":{"line":10,"column":0},"end":{"line":17,"column":3}},"7":{"start":{"line":10,"column":46},"end":{"line":17,"column":2}},"8":{"start":{"line":11,"column":2},"end":{"line":16,"column":null}},"9":{"start":{"line":12,"column":18},"end":{"line":12,"column":55}},"10":{"start":{"line":13,"column":4},"end":{"line":13,"column":20}},"11":{"start":{"line":15,"column":4},"end":{"line":15,"column":12}},"12":{"start":{"line":19,"column":0},"end":{"line":39,"column":3}},"13":{"start":{"line":19,"column":47},"end":{"line":39,"column":2}},"14":{"start":{"line":20,"column":2},"end":{"line":38,"column":null}},"15":{"start":{"line":21,"column":17},"end":{"line":21,"column":25}},"16":{"start":{"line":23,"column":25},"end":{"line":23,"column":73}},"17":{"start":{"line":25,"column":17},"end":{"line":25,"column":65}},"18":{"start":{"line":27,"column":22},"end":{"line":27,"column":39}},"19":{"start":{"line":29,"column":40},"end":{"line":32,"column":6}},"20":{"start":{"line":33,"column":18},"end":{"line":33,"column":60}},"21":{"start":{"line":35,"column":4},"end":{"line":35,"column":47}},"22":{"start":{"line":37,"column":4},"end":{"line":37,"column":12}},"23":{"start":{"line":41,"column":0},"end":{"line":48,"column":3}},"24":{"start":{"line":41,"column":52},"end":{"line":48,"column":2}},"25":{"start":{"line":42,"column":2},"end":{"line":47,"column":null}},"26":{"start":{"line":43,"column":20},"end":{"line":43,"column":63}},"27":{"start":{"line":44,"column":4},"end":{"line":44,"column":22}},"28":{"start":{"line":46,"column":4},"end":{"line":46,"column":12}},"29":{"start":{"line":50,"column":0},"end":{"line":50,"column":27}}},"fnMap":{"0":{"name":"(anonymous_8)","decl":{"start":{"line":10,"column":21},"end":{"line":10,"column":28}},"loc":{"start":{"line":10,"column":46},"end":{"line":17,"column":2}}},"1":{"name":"(anonymous_9)","decl":{"start":{"line":10,"column":46},"end":{"line":10,"column":null}},"loc":{"start":{"line":10,"column":46},"end":{"line":17,"column":1}}},"2":{"name":"(anonymous_10)","decl":{"start":{"line":19,"column":22},"end":{"line":19,"column":29}},"loc":{"start":{"line":19,"column":47},"end":{"line":39,"column":2}}},"3":{"name":"(anonymous_11)","decl":{"start":{"line":19,"column":47},"end":{"line":19,"column":null}},"loc":{"start":{"line":19,"column":47},"end":{"line":39,"column":1}}},"4":{"name":"(anonymous_12)","decl":{"start":{"line":41,"column":27},"end":{"line":41,"column":34}},"loc":{"start":{"line":41,"column":52},"end":{"line":48,"column":2}}},"5":{"name":"(anonymous_13)","decl":{"start":{"line":41,"column":52},"end":{"line":41,"column":null}},"loc":{"start":{"line":41,"column":52},"end":{"line":48,"column":1}}}},"branchMap":{},"s":{"0":3,"1":3,"2":3,"3":3,"4":3,"5":3,"6":3,"7":0,"8":0,"9":0,"10":0,"11":0,"12":3,"13":3,"14":3,"15":3,"16":3,"17":3,"18":3,"19":2,"20":2,"21":2,"22":1,"23":3,"24":2,"25":2,"26":2,"27":2,"28":0,"29":3},"f":{"0":0,"1":0,"2":3,"3":3,"4":2,"5":2},"b":{}}
,"/Users/yangliu/Documents/GitHub/blog-app/src/models/blog.model.ts": {"path":"/Users/yangliu/Documents/GitHub/blog-app/src/models/blog.model.ts","statementMap":{"0":{"start":{"line":1,"column":0},"end":{"line":1,"column":32}},"1":{"start":{"line":18,"column":19},"end":{"line":40,"column":2}},"2":{"start":{"line":42,"column":0},"end":{"line":48,"column":3}},"3":{"start":{"line":44,"column":4},"end":{"line":44,"column":32}},"4":{"start":{"line":45,"column":4},"end":{"line":45,"column":19}},"5":{"start":{"line":46,"column":4},"end":{"line":46,"column":19}},"6":{"start":{"line":50,"column":13},"end":{"line":50,"column":54}},"7":{"start":{"line":52,"column":0},"end":{"line":52,"column":20}}},"fnMap":{"0":{"name":"(anonymous_1)","decl":{"start":{"line":43,"column":13},"end":{"line":43,"column":14}},"loc":{"start":{"line":43,"column":26},"end":{"line":47,"column":3}}}},"branchMap":{},"s":{"0":3,"1":3,"2":3,"3":31,"4":31,"5":31,"6":3,"7":3},"f":{"0":31},"b":{}}
,"/Users/yangliu/Documents/GitHub/blog-app/src/models/user.model.ts": {"path":"/Users/yangliu/Documents/GitHub/blog-app/src/models/user.model.ts","statementMap":{"0":{"start":{"line":1,"column":0},"end":{"line":1,"column":32}},"1":{"start":{"line":2,"column":0},"end":{"line":2,"column":56}},"2":{"start":{"line":12,"column":19},"end":{"line":22,"column":2}},"3":{"start":{"line":24,"column":0},"end":{"line":24,"column":35}},"4":{"start":{"line":26,"column":0},"end":{"line":33,"column":3}},"5":{"start":{"line":28,"column":4},"end":{"line":28,"column":32}},"6":{"start":{"line":29,"column":4},"end":{"line":29,"column":19}},"7":{"start":{"line":30,"column":4},"end":{"line":30,"column":19}},"8":{"start":{"line":31,"column":4},"end":{"line":31,"column":28}},"9":{"start":{"line":35,"column":13},"end":{"line":35,"column":47}},"10":{"start":{"line":37,"column":0},"end":{"line":37,"column":20}}},"fnMap":{"0":{"name":"(anonymous_1)","decl":{"start":{"line":27,"column":13},"end":{"line":27,"column":14}},"loc":{"start":{"line":27,"column":26},"end":{"line":32,"column":3}}}},"branchMap":{},"s":{"0":3,"1":3,"2":3,"3":3,"4":3,"5":30,"6":30,"7":30,"8":30,"9":3,"10":3},"f":{"0":30},"b":{}}
,"/Users/yangliu/Documents/GitHub/blog-app/src/utils/config.ts": {"path":"/Users/yangliu/Documents/GitHub/blog-app/src/utils/config.ts","statementMap":{"0":{"start":{"line":1,"column":17},"end":{"line":1,"column":38}},"1":{"start":{"line":2,"column":13},"end":{"line":2,"column":37}},"2":{"start":{"line":3,"column":16},"end":{"line":3,"column":44}},"3":{"start":{"line":4,"column":20},"end":{"line":4,"column":44}},"4":{"start":{"line":6,"column":0},"end":{"line":6,"column":56}}},"fnMap":{},"branchMap":{"0":{"loc":{"start":{"line":2,"column":13},"end":{"line":2,"column":29}},"type":"binary-expr","locations":[{"start":{"line":2,"column":13},"end":{"line":2,"column":29}},{"start":{"line":2,"column":33},"end":{"line":2,"column":37}}]}},"s":{"0":3,"1":3,"2":3,"3":3,"4":3},"f":{},"b":{"0":[3,3]}}
,"/Users/yangliu/Documents/GitHub/blog-app/src/utils/error.ts": {"path":"/Users/yangliu/Documents/GitHub/blog-app/src/utils/error.ts","statementMap":{"0":{"start":{"line":3,"column":4},"end":{"line":3,"column":19}},"1":{"start":{"line":4,"column":4},"end":{"line":4,"column":34}},"2":{"start":{"line":11,"column":4},"end":{"line":11,"column":38}},"3":{"start":{"line":12,"column":4},"end":{"line":12,"column":40}},"4":{"start":{"line":13,"column":4},"end":{"line":13,"column":29}},"5":{"start":{"line":17,"column":0},"end":{"line":17,"column":58}}},"fnMap":{"0":{"name":"(anonymous_0)","decl":{"start":{"line":2,"column":2},"end":{"line":2,"column":14}},"loc":{"start":{"line":2,"column":29},"end":{"line":5,"column":3}}},"1":{"name":"(anonymous_1)","decl":{"start":{"line":10,"column":2},"end":{"line":10,"column":14}},"loc":{"start":{"line":10,"column":30},"end":{"line":14,"column":3}}}},"branchMap":{},"s":{"0":0,"1":0,"2":0,"3":0,"4":0,"5":3},"f":{"0":0,"1":0},"b":{}}
,"/Users/yangliu/Documents/GitHub/blog-app/src/utils/listHelper.ts": {"path":"/Users/yangliu/Documents/GitHub/blog-app/src/utils/listHelper.ts","statementMap":{"0":{"start":{"line":2,"column":0},"end":{"line":2,"column":23}},"1":{"start":{"line":5,"column":2},"end":{"line":5,"column":11}},"2":{"start":{"line":9,"column":2},"end":{"line":9,"column":56}},"3":{"start":{"line":9,"column":36},"end":{"line":9,"column":51}},"4":{"start":{"line":13,"column":2},"end":{"line":13,"column":38}},"5":{"start":{"line":13,"column":26},"end":{"line":13,"column":38}},"6":{"start":{"line":15,"column":17},"end":{"line":15,"column":25}},"7":{"start":{"line":16,"column":2},"end":{"line":18,"column":5}},"8":{"start":{"line":17,"column":4},"end":{"line":17,"column":47}},"9":{"start":{"line":17,"column":34},"end":{"line":17,"column":47}},"10":{"start":{"line":19,"column":35},"end":{"line":19,"column":43}},"11":{"start":{"line":20,"column":2},"end":{"line":20,"column":34}},"12":{"start":{"line":24,"column":2},"end":{"line":24,"column":38}},"13":{"start":{"line":24,"column":26},"end":{"line":24,"column":38}},"14":{"start":{"line":26,"column":17},"end":{"line":26,"column":41}},"15":{"start":{"line":27,"column":16},"end":{"line":27,"column":55}},"16":{"start":{"line":27,"column":43},"end":{"line":27,"column":54}},"17":{"start":{"line":28,"column":2},"end":{"line":33,"column":null}},"18":{"start":{"line":29,"column":4},"end":{"line":32,"column":null}},"19":{"start":{"line":30,"column":6},"end":{"line":30,"column":29}},"20":{"start":{"line":31,"column":6},"end":{"line":31,"column":29}},"21":{"start":{"line":34,"column":2},"end":{"line":34,"column":16}},"22":{"start":{"line":38,"column":2},"end":{"line":38,"column":38}},"23":{"start":{"line":38,"column":26},"end":{"line":38,"column":38}},"24":{"start":{"line":40,"column":17},"end":{"line":40,"column":41}},"25":{"start":{"line":41,"column":51},"end":{"line":41,"column":53}},"26":{"start":{"line":42,"column":2},"end":{"line":46,"column":5}},"27":{"start":{"line":43,"column":4},"end":{"line":45,"column":51}},"28":{"start":{"line":44,"column":6},"end":{"line":44,"column":49}},"29":{"start":{"line":45,"column":9},"end":{"line":45,"column":51}},"30":{"start":{"line":48,"column":2},"end":{"line":52,"column":null}},"31":{"start":{"line":49,"column":4},"end":{"line":49,"column":40}},"32":{"start":{"line":49,"column":31},"end":{"line":49,"column":40}},"33":{"start":{"line":50,"column":4},"end":{"line":50,"column":27}},"34":{"start":{"line":51,"column":4},"end":{"line":51,"column":25}},"35":{"start":{"line":53,"column":2},"end":{"line":53,"column":16}},"36":{"start":{"line":56,"column":0},"end":{"line":56,"column":72}}},"fnMap":{"0":{"name":"dummy","decl":{"start":{"line":4,"column":9},"end":{"line":4,"column":14}},"loc":{"start":{"line":4,"column":33},"end":{"line":6,"column":1}}},"1":{"name":"totalLikes","decl":{"start":{"line":8,"column":9},"end":{"line":8,"column":19}},"loc":{"start":{"line":8,"column":38},"end":{"line":10,"column":1}}},"2":{"name":"(anonymous_3)","decl":{"start":{"line":9,"column":22},"end":{"line":9,"column":23}},"loc":{"start":{"line":9,"column":36},"end":{"line":9,"column":51}}},"3":{"name":"favoriteBlog","decl":{"start":{"line":12,"column":9},"end":{"line":12,"column":21}},"loc":{"start":{"line":12,"column":40},"end":{"line":21,"column":1}}},"4":{"name":"(anonymous_5)","decl":{"start":{"line":16,"column":16},"end":{"line":16,"column":17}},"loc":{"start":{"line":16,"column":22},"end":{"line":18,"column":3}}},"5":{"name":"mostBlogs","decl":{"start":{"line":23,"column":9},"end":{"line":23,"column":18}},"loc":{"start":{"line":23,"column":37},"end":{"line":35,"column":1}}},"6":{"name":"(anonymous_7)","decl":{"start":{"line":27,"column":33},"end":{"line":27,"column":34}},"loc":{"start":{"line":27,"column":43},"end":{"line":27,"column":54}}},"7":{"name":"mostLike","decl":{"start":{"line":37,"column":9},"end":{"line":37,"column":17}},"loc":{"start":{"line":37,"column":36},"end":{"line":54,"column":1}}},"8":{"name":"(anonymous_9)","decl":{"start":{"line":42,"column":16},"end":{"line":42,"column":17}},"loc":{"start":{"line":42,"column":25},"end":{"line":46,"column":3}}}},"branchMap":{"0":{"loc":{"start":{"line":13,"column":2},"end":{"line":13,"column":38}},"type":"if","locations":[{"start":{"line":13,"column":2},"end":{"line":13,"column":38}},{"start":{"line":13,"column":2},"end":{"line":13,"column":38}}]},"1":{"loc":{"start":{"line":17,"column":4},"end":{"line":17,"column":47}},"type":"if","locations":[{"start":{"line":17,"column":4},"end":{"line":17,"column":47}},{"start":{"line":17,"column":4},"end":{"line":17,"column":47}}]},"2":{"loc":{"start":{"line":24,"column":2},"end":{"line":24,"column":38}},"type":"if","locations":[{"start":{"line":24,"column":2},"end":{"line":24,"column":38}},{"start":{"line":24,"column":2},"end":{"line":24,"column":38}}]},"3":{"loc":{"start":{"line":29,"column":4},"end":{"line":32,"column":null}},"type":"if","locations":[{"start":{"line":29,"column":4},"end":{"line":32,"column":null}},{"start":{"line":29,"column":4},"end":{"line":32,"column":null}}]},"4":{"loc":{"start":{"line":38,"column":2},"end":{"line":38,"column":38}},"type":"if","locations":[{"start":{"line":38,"column":2},"end":{"line":38,"column":38}},{"start":{"line":38,"column":2},"end":{"line":38,"column":38}}]},"5":{"loc":{"start":{"line":43,"column":4},"end":{"line":45,"column":51}},"type":"if","locations":[{"start":{"line":43,"column":4},"end":{"line":45,"column":51}},{"start":{"line":43,"column":4},"end":{"line":45,"column":51}}]},"6":{"loc":{"start":{"line":49,"column":4},"end":{"line":49,"column":40}},"type":"if","locations":[{"start":{"line":49,"column":4},"end":{"line":49,"column":40}},{"start":{"line":49,"column":4},"end":{"line":49,"column":40}}]}},"s":{"0":1,"1":1,"2":3,"3":3,"4":2,"5":1,"6":1,"7":1,"8":6,"9":1,"10":1,"11":1,"12":2,"13":1,"14":1,"15":1,"16":6,"17":1,"18":3,"19":3,"20":3,"21":1,"22":2,"23":1,"24":1,"25":1,"26":1,"27":6,"28":3,"29":3,"30":1,"31":3,"32":1,"33":2,"34":2,"35":1,"36":1},"f":{"0":1,"1":3,"2":3,"3":2,"4":6,"5":2,"6":6,"7":2,"8":6},"b":{"0":[1,1],"1":[1,5],"2":[1,1],"3":[3,0],"4":[1,1],"5":[3,3],"6":[1,2]}}
,"/Users/yangliu/Documents/GitHub/blog-app/src/utils/logger.ts": {"path":"/Users/yangliu/Documents/GitHub/blog-app/src/utils/logger.ts","statementMap":{"0":{"start":{"line":1,"column":13},"end":{"line":1,"column":57}},"1":{"start":{"line":1,"column":35},"end":{"line":1,"column":57}},"2":{"start":{"line":2,"column":14},"end":{"line":2,"column":60}},"3":{"start":{"line":2,"column":36},"end":{"line":2,"column":60}},"4":{"start":{"line":4,"column":0},"end":{"line":4,"column":31}}},"fnMap":{"0":{"name":"(anonymous_0)","decl":{"start":{"line":1,"column":13},"end":{"line":1,"column":14}},"loc":{"start":{"line":1,"column":35},"end":{"line":1,"column":57}}},"1":{"name":"(anonymous_1)","decl":{"start":{"line":2,"column":14},"end":{"line":2,"column":15}},"loc":{"start":{"line":2,"column":36},"end":{"line":2,"column":60}}}},"branchMap":{},"s":{"0":3,"1":3,"2":3,"3":0,"4":3},"f":{"0":3,"1":0},"b":{}}
,"/Users/yangliu/Documents/GitHub/blog-app/src/utils/middleware.ts": {"path":"/Users/yangliu/Documents/GitHub/blog-app/src/utils/middleware.ts","statementMap":{"0":{"start":{"line":1,"column":0},"end":{"line":1,"column":28}},"1":{"start":{"line":3,"column":0},"end":{"line":3,"column":37}},"2":{"start":{"line":5,"column":0},"end":{"line":5,"column":31}},"3":{"start":{"line":8,"column":22},"end":{"line":18,"column":2}},"4":{"start":{"line":9,"column":2},"end":{"line":17,"column":14}},"5":{"start":{"line":26,"column":2},"end":{"line":26,"column":50}},"6":{"start":{"line":28,"column":2},"end":{"line":38,"column":null}},"7":{"start":{"line":30,"column":6},"end":{"line":30,"column":58}},"8":{"start":{"line":33,"column":6},"end":{"line":33,"column":58}},"9":{"start":{"line":35,"column":6},"end":{"line":35,"column":62}},"10":{"start":{"line":37,"column":6},"end":{"line":37,"column":16}},"11":{"start":{"line":41,"column":24},"end":{"line":43,"column":1}},"12":{"start":{"line":42,"column":2},"end":{"line":42,"column":54}},"13":{"start":{"line":45,"column":23},"end":{"line":66,"column":1}},"14":{"start":{"line":50,"column":2},"end":{"line":65,"column":null}},"15":{"start":{"line":51,"column":18},"end":{"line":51,"column":35}},"16":{"start":{"line":52,"column":4},"end":{"line":52,"column":23}},"17":{"start":{"line":53,"column":4},"end":{"line":61,"column":null}},"18":{"start":{"line":54,"column":27},"end":{"line":56,"column":null}},"19":{"start":{"line":58,"column":6},"end":{"line":58,"column":48}},"20":{"start":{"line":59,"column":6},"end":{"line":59,"column":36}},"21":{"start":{"line":60,"column":6},"end":{"line":60,"column":32}},"22":{"start":{"line":62,"column":4},"end":{"line":62,"column":11}},"23":{"start":{"line":64,"column":4},"end":{"line":64,"column":12}},"24":{"start":{"line":68,"column":0},"end":{"line":68,"column":80}},"25":{"start":{"line":71,"column":24},"end":{"line":71,"column":52}},"26":{"start":{"line":72,"column":2},"end":{"line":73,"column":38}},"27":{"start":{"line":73,"column":4},"end":{"line":73,"column":38}},"28":{"start":{"line":74,"column":2},"end":{"line":74,"column":14}}},"fnMap":{"0":{"name":"(anonymous_1)","decl":{"start":{"line":8,"column":29},"end":{"line":8,"column":30}},"loc":{"start":{"line":8,"column":50},"end":{"line":18,"column":1}}},"1":{"name":"errorHandler","decl":{"start":{"line":20,"column":9},"end":{"line":20,"column":21}},"loc":{"start":{"line":24,"column":28},"end":{"line":39,"column":1}}},"2":{"name":"(anonymous_3)","decl":{"start":{"line":41,"column":24},"end":{"line":41,"column":25}},"loc":{"start":{"line":41,"column":72},"end":{"line":43,"column":1}}},"3":{"name":"(anonymous_4)","decl":{"start":{"line":45,"column":23},"end":{"line":45,"column":null}},"loc":{"start":{"line":49,"column":4},"end":{"line":66,"column":1}}},"4":{"name":"getTokenFrom","decl":{"start":{"line":70,"column":9},"end":{"line":70,"column":21}},"loc":{"start":{"line":70,"column":46},"end":{"line":75,"column":1}}}},"branchMap":{"0":{"loc":{"start":{"line":29,"column":4},"end":{"line":30,"column":58}},"type":"switch","locations":[{"start":{"line":29,"column":4},"end":{"line":30,"column":58}},{"start":{"line":32,"column":4},"end":{"line":33,"column":58}},{"start":{"line":34,"column":4},"end":{"line":35,"column":62}},{"start":{"line":36,"column":4},"end":{"line":37,"column":16}}]},"1":{"loc":{"start":{"line":53,"column":4},"end":{"line":61,"column":null}},"type":"if","locations":[{"start":{"line":53,"column":4},"end":{"line":61,"column":null}},{"start":{"line":53,"column":4},"end":{"line":61,"column":null}}]},"2":{"loc":{"start":{"line":72,"column":2},"end":{"line":73,"column":38}},"type":"if","locations":[{"start":{"line":72,"column":2},"end":{"line":73,"column":38}},{"start":{"line":72,"column":2},"end":{"line":73,"column":38}}]},"3":{"loc":{"start":{"line":72,"column":19},"end":{"line":72,"column":21}},"type":"cond-expr","locations":[{"start":{"line":72,"column":19},"end":{"line":72,"column":21}},{"start":{"line":72,"column":6},"end":{"line":72,"column":null}}]},"4":{"loc":{"start":{"line":72,"column":6},"end":{"line":72,"column":21}},"type":"binary-expr","locations":[{"start":{"line":72,"column":6},"end":{"line":72,"column":21}},{"start":{"line":72,"column":6},"end":{"line":72,"column":21}}]}},"s":{"0":3,"1":3,"2":3,"3":3,"4":23,"5":4,"6":4,"7":1,"8":2,"9":1,"10":0,"11":3,"12":0,"13":3,"14":23,"15":23,"16":23,"17":23,"18":5,"19":4,"20":4,"21":4,"22":22,"23":1,"24":3,"25":23,"26":23,"27":5,"28":18},"f":{"0":23,"1":4,"2":0,"3":23,"4":23},"b":{"0":[1,2,1,0],"1":[5,18],"2":[5,18],"3":[18,5],"4":[23,23]}}
}
