TN:
SF:src/app.ts
FN:21,(anonymous_1)
FN:27,(anonymous_2)
FNF:2
FNH:1
FNDA:3,(anonymous_1)
FNDA:0,(anonymous_2)
DA:1,3
DA:2,3
DA:3,3
DA:4,3
DA:5,3
DA:6,3
DA:7,3
DA:8,3
DA:9,3
DA:10,3
DA:12,3
DA:13,3
DA:14,3
DA:16,3
DA:22,3
DA:27,0
DA:29,3
DA:31,3
DA:32,3
DA:33,3
DA:34,3
DA:35,3
DA:36,3
DA:37,3
DA:38,3
DA:39,3
DA:40,3
DA:42,3
LF:28
LH:27
BRF:0
BRH:0
end_of_record
TN:
SF:src/controllers/blogs.controller.ts
FN:11,(anonymous_8)
FN:11,(anonymous_9)
FN:20,(anonymous_10)
FN:20,(anonymous_11)
FN:47,(anonymous_12)
FN:47,(anonymous_13)
FN:53,(anonymous_14)
FN:63,(anonymous_15)
FN:63,(anonymous_16)
FN:89,getTokenFrom
FNF:10
FNH:9
FNDA:6,(anonymous_8)
FNDA:6,(anonymous_9)
FNDA:4,(anonymous_10)
FNDA:4,(anonymous_11)
FNDA:4,(anonymous_12)
FNDA:4,(anonymous_13)
FNDA:9,(anonymous_14)
FNDA:1,(anonymous_15)
FNDA:1,(anonymous_16)
FNDA:0,getTokenFrom
DA:1,3
DA:2,3
DA:3,3
DA:4,3
DA:9,3
DA:11,6
DA:12,6
DA:13,6
DA:14,6
DA:16,0
DA:20,4
DA:21,4
DA:22,4
DA:23,4
DA:25,4
DA:26,4
DA:27,0
DA:31,4
DA:33,4
DA:34,4
DA:36,3
DA:37,3
DA:38,3
DA:41,3
DA:43,1
DA:47,4
DA:48,4
DA:49,4
DA:51,3
DA:52,3
DA:53,9
DA:55,3
DA:57,3
DA:59,1
DA:63,3
DA:64,1
DA:65,1
DA:66,1
DA:67,0
DA:69,1
DA:70,1
DA:71,1
DA:72,1
DA:73,0
DA:74,0
DA:78,0
DA:80,1
DA:81,1
DA:83,0
DA:87,3
DA:90,0
DA:91,0
DA:92,0
DA:93,0
LF:54
LH:43
BRDA:23,0,0,0
BRDA:23,0,1,4
BRDA:26,1,0,0
BRDA:26,1,1,4
BRDA:31,2,0,2
BRDA:31,2,1,2
BRDA:31,3,0,4
BRDA:31,3,1,4
BRDA:36,4,0,3
BRDA:36,4,1,0
BRDA:66,5,0,0
BRDA:66,5,1,1
BRDA:66,6,0,1
BRDA:66,6,1,1
BRDA:71,7,0,1
BRDA:71,7,1,0
BRDA:71,8,0,0
BRDA:71,8,1,1
BRDA:71,9,0,1
BRDA:71,9,1,1
BRDA:73,10,0,0
BRDA:73,10,1,0
BRDA:73,11,0,0
BRDA:73,11,1,0
BRDA:73,12,0,0
BRDA:73,12,1,0
BRDA:91,13,0,0
BRDA:91,13,1,0
BRDA:91,14,0,0
BRDA:91,14,1,0
BRDA:91,15,0,0
BRDA:91,15,1,0
BRF:32
BRH:14
end_of_record
TN:
SF:src/controllers/login.controller.ts
FN:10,(anonymous_8)
FN:10,(anonymous_9)
FN:37,(anonymous_10)
FNF:3
FNH:2
FNDA:2,(anonymous_8)
FNDA:2,(anonymous_9)
FNDA:0,(anonymous_10)
DA:1,3
DA:2,3
DA:3,3
DA:4,3
DA:5,3
DA:6,3
DA:8,3
DA:10,3
DA:11,2
DA:12,2
DA:14,2
DA:16,2
DA:20,2
DA:21,0
DA:23,2
DA:28,2
DA:30,2
DA:31,2
DA:33,0
DA:37,3
DA:38,0
DA:39,0
DA:42,3
LF:23
LH:19
BRDA:17,0,0,0
BRDA:17,0,1,2
BRDA:20,1,0,0
BRDA:20,1,1,2
BRDA:20,2,0,2
BRDA:20,2,1,2
BRDA:38,3,0,0
BRDA:38,3,1,0
BRF:8
BRH:4
end_of_record
TN:
SF:src/controllers/root.controller.ts
FN:5,(anonymous_1)
FNF:1
FNH:0
FNDA:0,(anonymous_1)
DA:1,3
DA:3,3
DA:5,3
DA:6,0
DA:13,3
LF:5
LH:4
BRF:0
BRH:0
end_of_record
TN:
SF:src/controllers/users.controller.ts
FN:10,(anonymous_8)
FN:10,(anonymous_9)
FN:19,(anonymous_10)
FN:19,(anonymous_11)
FN:41,(anonymous_12)
FN:41,(anonymous_13)
FNF:6
FNH:4
FNDA:0,(anonymous_8)
FNDA:0,(anonymous_9)
FNDA:3,(anonymous_10)
FNDA:3,(anonymous_11)
FNDA:2,(anonymous_12)
FNDA:2,(anonymous_13)
DA:1,3
DA:2,3
DA:3,3
DA:4,3
DA:6,3
DA:8,3
DA:10,3
DA:11,0
DA:12,0
DA:13,0
DA:15,0
DA:19,3
DA:20,3
DA:21,3
DA:23,3
DA:25,3
DA:27,3
DA:29,2
DA:33,2
DA:35,2
DA:37,1
DA:41,3
DA:42,2
DA:43,2
DA:44,2
DA:46,0
DA:50,3
LF:27
LH:22
BRF:0
BRH:0
end_of_record
TN:
SF:src/models/blog.model.ts
FN:43,(anonymous_1)
FNF:1
FNH:1
FNDA:31,(anonymous_1)
DA:1,3
DA:18,3
DA:42,3
DA:44,31
DA:45,31
DA:46,31
DA:50,3
DA:52,3
LF:8
LH:8
BRF:0
BRH:0
end_of_record
TN:
SF:src/models/user.model.ts
FN:27,(anonymous_1)
FNF:1
FNH:1
FNDA:30,(anonymous_1)
DA:1,3
DA:2,3
DA:12,3
DA:24,3
DA:26,3
DA:28,30
DA:29,30
DA:30,30
DA:31,30
DA:35,3
DA:37,3
LF:11
LH:11
BRF:0
BRH:0
end_of_record
TN:
SF:src/utils/config.ts
FNF:0
FNH:0
DA:1,3
DA:2,3
DA:3,3
DA:4,3
DA:6,3
LF:5
LH:5
BRDA:2,0,0,3
BRDA:2,0,1,3
BRF:2
BRH:2
end_of_record
TN:
SF:src/utils/error.ts
FN:2,(anonymous_0)
FN:10,(anonymous_1)
FNF:2
FNH:0
FNDA:0,(anonymous_0)
FNDA:0,(anonymous_1)
DA:3,0
DA:4,0
DA:11,0
DA:12,0
DA:13,0
DA:17,3
LF:6
LH:1
BRF:0
BRH:0
end_of_record
TN:
SF:src/utils/listHelper.ts
FN:4,dummy
FN:8,totalLikes
FN:9,(anonymous_3)
FN:12,favoriteBlog
FN:16,(anonymous_5)
FN:23,mostBlogs
FN:27,(anonymous_7)
FN:37,mostLike
FN:42,(anonymous_9)
FNF:9
FNH:9
FNDA:1,dummy
FNDA:3,totalLikes
FNDA:3,(anonymous_3)
FNDA:2,favoriteBlog
FNDA:6,(anonymous_5)
FNDA:2,mostBlogs
FNDA:6,(anonymous_7)
FNDA:2,mostLike
FNDA:6,(anonymous_9)
DA:2,1
DA:5,1
DA:9,3
DA:13,2
DA:15,1
DA:16,1
DA:17,6
DA:19,1
DA:20,1
DA:24,2
DA:26,1
DA:27,6
DA:28,1
DA:29,3
DA:30,3
DA:31,3
DA:34,1
DA:38,2
DA:40,1
DA:41,1
DA:42,1
DA:43,6
DA:44,3
DA:45,3
DA:48,1
DA:49,3
DA:50,2
DA:51,2
DA:53,1
DA:56,1
LF:30
LH:30
BRDA:13,0,0,1
BRDA:13,0,1,1
BRDA:17,1,0,1
BRDA:17,1,1,5
BRDA:24,2,0,1
BRDA:24,2,1,1
BRDA:29,3,0,3
BRDA:29,3,1,0
BRDA:38,4,0,1
BRDA:38,4,1,1
BRDA:43,5,0,3
BRDA:43,5,1,3
BRDA:49,6,0,1
BRDA:49,6,1,2
BRF:14
BRH:13
end_of_record
TN:
SF:src/utils/logger.ts
FN:1,(anonymous_0)
FN:2,(anonymous_1)
FNF:2
FNH:1
FNDA:3,(anonymous_0)
FNDA:0,(anonymous_1)
DA:1,3
DA:2,3
DA:4,3
LF:3
LH:3
BRF:0
BRH:0
end_of_record
TN:
SF:src/utils/middleware.ts
FN:8,(anonymous_1)
FN:20,errorHandler
FN:41,(anonymous_3)
FN:45,(anonymous_4)
FN:70,getTokenFrom
FNF:5
FNH:4
FNDA:23,(anonymous_1)
FNDA:4,errorHandler
FNDA:0,(anonymous_3)
FNDA:23,(anonymous_4)
FNDA:23,getTokenFrom
DA:1,3
DA:3,3
DA:5,3
DA:8,3
DA:9,23
DA:26,4
DA:28,4
DA:30,1
DA:33,2
DA:35,1
DA:37,0
DA:41,3
DA:42,0
DA:45,3
DA:50,23
DA:51,23
DA:52,23
DA:53,23
DA:54,5
DA:58,4
DA:59,4
DA:60,4
DA:62,22
DA:64,1
DA:68,3
DA:71,23
DA:72,23
DA:73,5
DA:74,18
LF:29
LH:27
BRDA:29,0,0,1
BRDA:29,0,1,2
BRDA:29,0,2,1
BRDA:29,0,3,0
BRDA:53,1,0,5
BRDA:53,1,1,18
BRDA:72,2,0,5
BRDA:72,2,1,18
BRDA:72,3,0,18
BRDA:72,3,1,5
BRDA:72,4,0,23
BRDA:72,4,1,23
BRF:12
BRH:11
end_of_record
